mode: set
github.com/rodeorm/shortener/internal/logger/logger.go:13.37,16.16 2 1
github.com/rodeorm/shortener/internal/logger/logger.go:16.16,18.3 1 0
github.com/rodeorm/shortener/internal/logger/logger.go:20.2,23.16 4 1
github.com/rodeorm/shortener/internal/logger/logger.go:23.16,25.3 1 0
github.com/rodeorm/shortener/internal/logger/logger.go:27.2,28.12 2 1
github.com/rodeorm/shortener/internal/core/rand.go:12.44,13.12 1 1
github.com/rodeorm/shortener/internal/core/rand.go:13.12,15.3 1 1
github.com/rodeorm/shortener/internal/core/rand.go:16.2,18.19 3 1
github.com/rodeorm/shortener/internal/core/rand.go:18.19,20.3 1 1
github.com/rodeorm/shortener/internal/core/rand.go:21.2,21.23 1 1
github.com/rodeorm/shortener/internal/core/url.go:11.45,14.2 2 1
github.com/rodeorm/shortener/internal/core/url.go:17.38,20.2 2 1
github.com/rodeorm/shortener/internal/core/url.go:23.46,26.2 2 1
github.com/rodeorm/shortener/internal/core/url.go:30.58,31.16 1 1
github.com/rodeorm/shortener/internal/core/url.go:31.16,33.3 1 1
github.com/rodeorm/shortener/internal/core/url.go:34.2,34.13 1 1
github.com/rodeorm/shortener/internal/core/url.go:34.13,36.3 1 1
github.com/rodeorm/shortener/internal/core/url.go:38.2,40.60 3 1
github.com/rodeorm/shortener/internal/core/url.go:40.60,42.3 1 1
github.com/rodeorm/shortener/internal/core/url.go:43.2,43.18 1 1
github.com/rodeorm/shortener/internal/api/cookie/cookie.go:13.60,15.16 2 1
github.com/rodeorm/shortener/internal/api/cookie/cookie.go:15.16,17.3 1 1
github.com/rodeorm/shortener/internal/api/cookie/cookie.go:18.2,18.29 1 1
github.com/rodeorm/shortener/internal/api/cookie/cookie.go:18.29,20.3 1 0
github.com/rodeorm/shortener/internal/api/cookie/cookie.go:21.2,22.16 2 1
github.com/rodeorm/shortener/internal/api/cookie/cookie.go:22.16,24.3 1 0
github.com/rodeorm/shortener/internal/api/cookie/cookie.go:26.2,28.16 2 1
github.com/rodeorm/shortener/internal/api/cookie/cookie.go:28.16,30.3 1 1
github.com/rodeorm/shortener/internal/api/cookie/cookie.go:32.2,32.21 1 1
github.com/rodeorm/shortener/internal/api/cookie/cookie.go:36.59,38.16 2 1
github.com/rodeorm/shortener/internal/api/cookie/cookie.go:38.16,40.3 1 0
github.com/rodeorm/shortener/internal/api/cookie/cookie.go:42.2,47.20 2 1
github.com/rodeorm/shortener/internal/api/middleware/gzip.go:14.46,15.71 1 1
github.com/rodeorm/shortener/internal/api/middleware/gzip.go:15.71,16.65 1 1
github.com/rodeorm/shortener/internal/api/middleware/gzip.go:16.65,19.4 2 0
github.com/rodeorm/shortener/internal/api/middleware/gzip.go:21.3,22.17 2 1
github.com/rodeorm/shortener/internal/api/middleware/gzip.go:22.17,25.4 2 0
github.com/rodeorm/shortener/internal/api/middleware/gzip.go:26.3,29.23 3 1
github.com/rodeorm/shortener/internal/api/middleware/gzip.go:29.23,31.4 1 0
github.com/rodeorm/shortener/internal/api/middleware/gzip.go:33.3,36.63 3 1
github.com/rodeorm/shortener/internal/api/middleware/gzip.go:47.50,49.2 1 1
github.com/rodeorm/shortener/internal/api/middleware/gzip.go:52.50,54.16 2 0
github.com/rodeorm/shortener/internal/api/middleware/gzip.go:54.16,56.3 1 0
github.com/rodeorm/shortener/internal/api/middleware/gzip.go:57.2,61.16 4 0
github.com/rodeorm/shortener/internal/api/middleware/gzip.go:61.16,63.3 1 0
github.com/rodeorm/shortener/internal/api/middleware/gzip.go:65.2,65.23 1 0
github.com/rodeorm/shortener/internal/api/middleware/gzip.go:69.47,70.52 1 1
github.com/rodeorm/shortener/internal/api/middleware/gzip.go:70.52,71.53 1 0
github.com/rodeorm/shortener/internal/api/middleware/gzip.go:71.53,73.4 1 0
github.com/rodeorm/shortener/internal/api/middleware/gzip.go:75.2,75.14 1 1
github.com/rodeorm/shortener/internal/api/middleware/log.go:12.43,13.56 1 1
github.com/rodeorm/shortener/internal/api/middleware/log.go:13.56,35.3 6 1
github.com/rodeorm/shortener/internal/api/middleware/log.go:36.2,36.32 1 1
github.com/rodeorm/shortener/internal/api/middleware/log.go:53.62,57.2 3 1
github.com/rodeorm/shortener/internal/api/middleware/log.go:60.61,63.2 2 1
github.com/rodeorm/shortener/internal/repo/abstract.go:24.104,29.16 3 1
github.com/rodeorm/shortener/internal/repo/abstract.go:29.16,31.3 1 0
github.com/rodeorm/shortener/internal/repo/abstract.go:32.2,33.16 2 1
github.com/rodeorm/shortener/internal/repo/abstract.go:33.16,35.3 1 0
github.com/rodeorm/shortener/internal/repo/abstract.go:36.2,39.37 2 1
github.com/rodeorm/shortener/internal/repo/abstract.go:43.40,45.10 1 1
github.com/rodeorm/shortener/internal/repo/abstract.go:45.10,54.4 6 1
github.com/rodeorm/shortener/internal/repo/abstract.go:55.2,55.11 1 1
github.com/rodeorm/shortener/internal/repo/abstract.go:59.60,61.10 1 1
github.com/rodeorm/shortener/internal/repo/abstract.go:61.10,69.4 4 1
github.com/rodeorm/shortener/internal/repo/abstract.go:70.2,70.45 1 1
github.com/rodeorm/shortener/internal/repo/abstract.go:70.45,75.3 2 1
github.com/rodeorm/shortener/internal/repo/abstract.go:76.2,76.16 1 0
github.com/rodeorm/shortener/internal/repo/abstract.go:80.76,86.10 2 1
github.com/rodeorm/shortener/internal/repo/abstract.go:86.10,88.20 2 1
github.com/rodeorm/shortener/internal/repo/abstract.go:88.20,90.5 1 0
github.com/rodeorm/shortener/internal/repo/abstract.go:91.4,96.50 4 1
github.com/rodeorm/shortener/internal/repo/abstract.go:96.50,98.5 1 1
github.com/rodeorm/shortener/internal/repo/abstract.go:100.4,100.50 1 0
github.com/rodeorm/shortener/internal/repo/abstract.go:100.50,102.5 1 0
github.com/rodeorm/shortener/internal/repo/abstract.go:103.4,103.52 1 0
github.com/rodeorm/shortener/internal/repo/abstract.go:103.52,105.5 1 0
github.com/rodeorm/shortener/internal/repo/abstract.go:106.4,108.5 1 0
github.com/rodeorm/shortener/internal/repo/abstract.go:111.2,111.18 1 1
github.com/rodeorm/shortener/internal/repo/abstract.go:111.18,116.3 2 1
github.com/rodeorm/shortener/internal/repo/abstract.go:118.2,118.16 1 0
github.com/rodeorm/shortener/internal/crypt/secret.go:18.43,21.16 3 1
github.com/rodeorm/shortener/internal/crypt/secret.go:21.16,23.3 1 0
github.com/rodeorm/shortener/internal/crypt/secret.go:24.2,28.32 5 1
github.com/rodeorm/shortener/internal/crypt/secret.go:32.43,35.16 3 1
github.com/rodeorm/shortener/internal/crypt/secret.go:35.16,37.3 1 0
github.com/rodeorm/shortener/internal/crypt/secret.go:38.2,39.16 2 1
github.com/rodeorm/shortener/internal/crypt/secret.go:39.16,41.3 1 0
github.com/rodeorm/shortener/internal/crypt/secret.go:43.2,47.31 5 1
github.com/rodeorm/shortener/internal/crypt/secret.go:51.30,53.2 1 1
github.com/rodeorm/shortener/internal/crypt/secret.go:56.30,58.16 2 1
github.com/rodeorm/shortener/internal/crypt/secret.go:58.16,59.13 1 0
github.com/rodeorm/shortener/internal/crypt/secret.go:61.2,61.13 1 1
github.com/rodeorm/shortener/cmd/shortener/config.go:15.41,31.14 4 1
github.com/rodeorm/shortener/cmd/shortener/config.go:31.14,33.26 2 1
github.com/rodeorm/shortener/cmd/shortener/config.go:33.26,35.4 1 0
github.com/rodeorm/shortener/cmd/shortener/config.go:36.8,38.3 1 0
github.com/rodeorm/shortener/cmd/shortener/config.go:41.2,41.14 1 1
github.com/rodeorm/shortener/cmd/shortener/config.go:41.14,43.20 2 1
github.com/rodeorm/shortener/cmd/shortener/config.go:43.20,45.4 1 0
github.com/rodeorm/shortener/cmd/shortener/config.go:46.8,48.3 1 0
github.com/rodeorm/shortener/cmd/shortener/config.go:51.2,51.14 1 1
github.com/rodeorm/shortener/cmd/shortener/config.go:51.14,53.3 1 0
github.com/rodeorm/shortener/cmd/shortener/config.go:53.8,53.26 1 1
github.com/rodeorm/shortener/cmd/shortener/config.go:53.26,55.3 1 1
github.com/rodeorm/shortener/cmd/shortener/config.go:55.8,57.3 1 0
github.com/rodeorm/shortener/cmd/shortener/config.go:60.2,60.14 1 1
github.com/rodeorm/shortener/cmd/shortener/config.go:60.14,62.3 1 1
github.com/rodeorm/shortener/cmd/shortener/config.go:62.8,64.3 1 0
github.com/rodeorm/shortener/cmd/shortener/config.go:66.2,69.14 2 1
github.com/rodeorm/shortener/cmd/shortener/config.go:69.14,71.3 1 1
github.com/rodeorm/shortener/cmd/shortener/config.go:71.8,73.3 1 0
github.com/rodeorm/shortener/cmd/shortener/config.go:75.2,75.14 1 1
github.com/rodeorm/shortener/cmd/shortener/config.go:75.14,77.3 1 1
github.com/rodeorm/shortener/cmd/shortener/config.go:79.2,79.15 1 1
github.com/rodeorm/shortener/cmd/shortener/config.go:79.15,81.3 1 1
github.com/rodeorm/shortener/cmd/shortener/config.go:83.2,83.14 1 1
github.com/rodeorm/shortener/cmd/shortener/config.go:83.14,85.3 1 1
github.com/rodeorm/shortener/cmd/shortener/config.go:87.2,87.14 1 1
github.com/rodeorm/shortener/cmd/shortener/config.go:87.14,89.3 1 1
github.com/rodeorm/shortener/cmd/shortener/config.go:89.8,91.17 2 0
github.com/rodeorm/shortener/cmd/shortener/config.go:91.17,93.4 1 0
github.com/rodeorm/shortener/cmd/shortener/config.go:99.2,99.14 1 1
github.com/rodeorm/shortener/cmd/shortener/config.go:99.14,101.3 1 1
github.com/rodeorm/shortener/cmd/shortener/config.go:101.8,103.3 1 0
github.com/rodeorm/shortener/cmd/shortener/config.go:105.2,108.15 3 1
github.com/rodeorm/shortener/cmd/shortener/config.go:108.15,118.3 2 1
github.com/rodeorm/shortener/cmd/shortener/config.go:118.8,118.22 1 0
github.com/rodeorm/shortener/cmd/shortener/config.go:118.22,127.3 2 0
github.com/rodeorm/shortener/cmd/shortener/config.go:128.2,135.21 2 0
github.com/rodeorm/shortener/cmd/shortener/init.go:9.13,34.2 12 1
github.com/rodeorm/shortener/cmd/shortener/main.go:17.13,20.16 2 0
github.com/rodeorm/shortener/cmd/shortener/main.go:20.16,22.3 1 0
github.com/rodeorm/shortener/cmd/shortener/main.go:24.2,25.25 2 0
github.com/rodeorm/shortener/cmd/shortener/profile.go:16.37,17.32 1 1
github.com/rodeorm/shortener/cmd/shortener/profile.go:17.32,23.33 2 0
github.com/rodeorm/shortener/cmd/shortener/profile.go:23.33,25.4 1 0
github.com/rodeorm/shortener/cmd/shortener/profile.go:25.9,27.4 1 0
github.com/rodeorm/shortener/cmd/shortener/profile.go:28.3,28.17 1 0
github.com/rodeorm/shortener/cmd/shortener/profile.go:28.17,30.4 1 0
github.com/rodeorm/shortener/cmd/shortener/profile.go:31.3,34.54 3 0
github.com/rodeorm/shortener/cmd/shortener/profile.go:34.54,36.4 1 0
github.com/rodeorm/shortener/cmd/shortener/profile.go:38.2,38.12 1 1
github.com/rodeorm/shortener/cmd/shortener/version.go:7.23,11.2 3 1
github.com/rodeorm/shortener/cmd/shortener/version.go:13.44,14.17 1 1
github.com/rodeorm/shortener/cmd/shortener/version.go:14.17,16.3 1 1
github.com/rodeorm/shortener/cmd/shortener/version.go:16.8,18.3 1 1
github.com/rodeorm/shortener/cmd/statisticlint/main.go:61.13,71.22 6 0
github.com/rodeorm/shortener/cmd/statisticlint/main.go:71.22,75.3 1 0
github.com/rodeorm/shortener/cmd/statisticlint/main.go:79.91,81.42 1 1
github.com/rodeorm/shortener/cmd/statisticlint/main.go:81.42,82.26 1 1
github.com/rodeorm/shortener/cmd/statisticlint/main.go:83.16,84.45 1 0
github.com/rodeorm/shortener/cmd/statisticlint/main.go:85.17,86.45 1 0
github.com/rodeorm/shortener/cmd/statisticlint/main.go:87.17,88.45 1 0
github.com/rodeorm/shortener/cmd/statisticlint/main.go:91.2,91.18 1 1
github.com/rodeorm/shortener/cmd/statisticlint/main.go:95.88,97.42 1 1
github.com/rodeorm/shortener/cmd/statisticlint/main.go:97.42,98.61 1 1
github.com/rodeorm/shortener/cmd/statisticlint/main.go:98.61,100.4 1 1
github.com/rodeorm/shortener/cmd/statisticlint/main.go:102.2,102.18 1 1
github.com/rodeorm/shortener/cmd/statisticlint/main.go:106.80,155.2 48 1
github.com/rodeorm/shortener/pkg/osexitchecker/osexitchecker.go:17.52,19.31 1 1
github.com/rodeorm/shortener/pkg/osexitchecker/osexitchecker.go:19.31,21.3 1 0
github.com/rodeorm/shortener/pkg/osexitchecker/osexitchecker.go:23.2,23.34 1 1
github.com/rodeorm/shortener/pkg/osexitchecker/osexitchecker.go:23.34,24.43 1 1
github.com/rodeorm/shortener/pkg/osexitchecker/osexitchecker.go:24.43,27.10 2 1
github.com/rodeorm/shortener/pkg/osexitchecker/osexitchecker.go:27.10,29.60 1 1
github.com/rodeorm/shortener/pkg/osexitchecker/osexitchecker.go:29.60,30.101 1 1
github.com/rodeorm/shortener/pkg/osexitchecker/osexitchecker.go:30.101,32.7 1 1
github.com/rodeorm/shortener/pkg/osexitchecker/osexitchecker.go:35.4,35.15 1 1
github.com/rodeorm/shortener/pkg/osexitchecker/osexitchecker.go:38.2,38.17 1 1
